<?xml version="1.0" encoding="UTF-8"?>
<!-- Generated by org.testng.reporters.JUnitXMLReporter -->
<testsuite ignored="0" hostname="SWH-R6" failures="0" tests="2" name="Test" time="0.101" errors="0" timestamp="2023-02-09T14:29:49 IST">
  <testcase classname="testNGProjects.maventest.BaseTestClass" name="@BeforeSuite LaunchApp" time="46.802">
    <failure type="org.openqa.selenium.SessionNotCreatedException" message="session not created: This version of ChromeDriver only supports Chrome version 110
Current browser version is 109.0.5414.120 with binary path C:\Program Files (x86)\Google\Chrome\Application\chrome.exe
Build info: version: &amp;apos;3.141.59&amp;apos;, revision: &amp;apos;e82be7d358&amp;apos;, time: &amp;apos;2018-11-14T08:17:03&amp;apos;
System info: host: &amp;apos;SWH-R6&amp;apos;, ip: &amp;apos;192.168.23.184&amp;apos;, os.name: &amp;apos;Windows 10&amp;apos;, os.arch: &amp;apos;amd64&amp;apos;, os.version: &amp;apos;10.0&amp;apos;, java.version: &amp;apos;17.0.4.1&amp;apos;
Driver info: driver.version: ChromeDriver
remote stacktrace: Backtrace:
	(No symbol) [0x00D337D3]
	(No symbol) [0x00CC8B81]
	(No symbol) [0x00BCB36D]
	(No symbol) [0x00BEED6D]
	(No symbol) [0x00BE9B90]
	(No symbol) [0x00BE6FC9]
	(No symbol) [0x00C21ED5]
	(No symbol) [0x00C21B2C]
	(No symbol) [0x00C1B216]
	(No symbol) [0x00BF0D97]
	(No symbol) [0x00BF253D]
	GetHandleVerifier [0x00FAABF2+2510930]
	GetHandleVerifier [0x00FD8EC1+2700065]
	GetHandleVerifier [0x00FDC86C+2714828]
	GetHandleVerifier [0x00DE3480+645344]
	(No symbol) [0x00CD0FD2]
	(No symbol) [0x00CD6C68]
	(No symbol) [0x00CD6D4B]
	(No symbol) [0x00CE0D6B]
	BaseThreadInitThunk [0x75C500F9+25]
	RtlGetAppContainerNamedObjectPath [0x77AB7BBE+286]
	RtlGetAppContainerNamedObjectPath [0x77AB7B8E+238]
">
      <![CDATA[org.openqa.selenium.SessionNotCreatedException: session not created: This version of ChromeDriver only supports Chrome version 110
Current browser version is 109.0.5414.120 with binary path C:\Program Files (x86)\Google\Chrome\Application\chrome.exe
Build info: version: '3.141.59', revision: 'e82be7d358', time: '2018-11-14T08:17:03'
System info: host: 'SWH-R6', ip: '192.168.23.184', os.name: 'Windows 10', os.arch: 'amd64', os.version: '10.0', java.version: '17.0.4.1'
Driver info: driver.version: ChromeDriver
remote stacktrace: Backtrace:
(No symbol) [0x00D337D3]
(No symbol) [0x00CC8B81]
(No symbol) [0x00BCB36D]
(No symbol) [0x00BEED6D]
(No symbol) [0x00BE9B90]
(No symbol) [0x00BE6FC9]
(No symbol) [0x00C21ED5]
(No symbol) [0x00C21B2C]
(No symbol) [0x00C1B216]
(No symbol) [0x00BF0D97]
(No symbol) [0x00BF253D]
GetHandleVerifier [0x00FAABF2+2510930]
GetHandleVerifier [0x00FD8EC1+2700065]
GetHandleVerifier [0x00FDC86C+2714828]
GetHandleVerifier [0x00DE3480+645344]
(No symbol) [0x00CD0FD2]
(No symbol) [0x00CD6C68]
(No symbol) [0x00CD6D4B]
(No symbol) [0x00CE0D6B]
BaseThreadInitThunk [0x75C500F9+25]
RtlGetAppContainerNamedObjectPath [0x77AB7BBE+286]
RtlGetAppContainerNamedObjectPath [0x77AB7B8E+238]

at org.openqa.selenium.remote.W3CHandshakeResponse.lambda$errorHandler$0(W3CHandshakeResponse.java:62)
at org.openqa.selenium.remote.HandshakeResponse.lambda$getResponseFunction$0(HandshakeResponse.java:30)
at org.openqa.selenium.remote.ProtocolHandshake.lambda$createSession$0(ProtocolHandshake.java:126)
at java.base/java.util.stream.ReferencePipeline$3$1.accept(ReferencePipeline.java:197)
at java.base/java.util.Spliterators$ArraySpliterator.tryAdvance(Spliterators.java:1002)
at java.base/java.util.stream.ReferencePipeline.forEachWithCancel(ReferencePipeline.java:129)
at java.base/java.util.stream.AbstractPipeline.copyIntoWithCancel(AbstractPipeline.java:527)
at java.base/java.util.stream.AbstractPipeline.copyInto(AbstractPipeline.java:513)
at java.base/java.util.stream.AbstractPipeline.wrapAndCopyInto(AbstractPipeline.java:499)
at java.base/java.util.stream.FindOps$FindOp.evaluateSequential(FindOps.java:150)
at java.base/java.util.stream.AbstractPipeline.evaluate(AbstractPipeline.java:234)
at java.base/java.util.stream.ReferencePipeline.findFirst(ReferencePipeline.java:647)
at org.openqa.selenium.remote.ProtocolHandshake.createSession(ProtocolHandshake.java:128)
at org.openqa.selenium.remote.ProtocolHandshake.createSession(ProtocolHandshake.java:74)
at org.openqa.selenium.remote.HttpCommandExecutor.execute(HttpCommandExecutor.java:136)
at org.openqa.selenium.remote.service.DriverCommandExecutor.execute(DriverCommandExecutor.java:83)
at org.openqa.selenium.remote.RemoteWebDriver.execute(RemoteWebDriver.java:552)
at org.openqa.selenium.remote.RemoteWebDriver.startSession(RemoteWebDriver.java:213)
at org.openqa.selenium.remote.RemoteWebDriver.<init>(RemoteWebDriver.java:131)
at org.openqa.selenium.chrome.ChromeDriver.<init>(ChromeDriver.java:181)
at org.openqa.selenium.chrome.ChromeDriver.<init>(ChromeDriver.java:168)
at org.openqa.selenium.chrome.ChromeDriver.<init>(ChromeDriver.java:157)
at testNGProjects.maventest.BaseTestClass.LaunchApp(BaseTestClass.java:27)
... Removed 24 stack frames]]>
    </failure>
  </testcase> <!-- @BeforeSuite LaunchApp -->
  <testcase classname="testNGProjects.maventest.BaseTestClass" name="@BeforeClass createObject" time="0.0">
    <skipped/>
  </testcase> <!-- @BeforeClass createObject -->
  <testcase classname="testNGProjects.maventest.AppTest" name="loginTestCase" time="0.0">
    <skipped/>
  </testcase> <!-- loginTestCase -->
  <testcase classname="testNGProjects.maventest.AppTest" name="logout" time="0.0">
    <skipped/>
  </testcase> <!-- logout -->
</testsuite> <!-- Test -->
